{
  "RSpec": {
    "coverage": {
      "/Users/ellieturnock/Makers/Projects/weekten/bank_techtest/spec/bank_spec.rb": [
        1,
        null,
        1,
        null,
        1,
        1,
        1,
        2,
        null,
        null,
        null,
        1,
        1,
        1,
        4,
        null,
        null,
        null,
        1,
        1,
        1,
        3,
        null,
        null,
        null,
        1,
        1,
        1,
        1,
        1,
        null,
        null,
        null
      ],
      "/Users/ellieturnock/Makers/Projects/weekten/bank_techtest/lib/bank.rb": [
        1,
        1,
        null,
        1,
        4,
        4,
        null,
        null,
        1,
        1,
        null,
        null,
        1,
        2,
        2,
        null,
        null,
        null
      ]
    },
    "timestamp": 1552484609
  }
}
